[12:00:38] [Server thread/INFO]: gleb4 lost connection: Disconnected
[12:00:38] [Server thread/INFO]: gleb4 left the game
[12:03:35] [Server thread/INFO]: gleb4[/127.0.0.1:51424] logged in with entity id 30196 at (6.794579332574667, 75.79845979988565, -6.055578680800509)
[12:03:35] [Server thread/INFO]: gleb4 joined the game
[12:10:43] [Server thread/INFO]: ht[/[0:0:0:0:0:0:0:1]:51564] logged in with entity id 31399 at (5.5, 74.0, -8.5)
[12:10:43] [Server thread/INFO]: ht joined the game
[12:11:45] [Server thread/INFO]: ht lost connection: Disconnected
[12:11:45] [Server thread/INFO]: ht left the game
[12:13:03] [Server thread/INFO]: ht[/[0:0:0:0:0:0:0:1]:51579] logged in with entity id 31702 at (5.5, 74.0, -8.5)
[12:13:03] [Server thread/INFO]: ht joined the game
[12:13:16] [Server thread/INFO]: ht lost connection: Disconnected
[12:13:16] [Server thread/INFO]: ht left the game
[12:13:35] [Server thread/INFO]: ht[/[0:0:0:0:0:0:0:1]:51587] logged in with entity id 31768 at (5.5, 74.0, -8.5)
[12:13:35] [Server thread/INFO]: ht joined the game
[12:13:44] [Server thread/INFO]: ht lost connection: Disconnected
[12:13:44] [Server thread/INFO]: ht left the game
[12:15:00] [Server thread/INFO]: ht[/[0:0:0:0:0:0:0:1]:51592] logged in with entity id 31962 at (5.5, 74.0, -8.5)
[12:15:00] [Server thread/INFO]: ht joined the game
[12:15:29] [Server thread/INFO]: ht lost connection: Disconnected
[12:15:29] [Server thread/INFO]: ht left the game
[12:15:33] [Server thread/INFO]: ht[/[0:0:0:0:0:0:0:1]:51613] logged in with entity id 32054 at (5.5, 74.0, -8.5)
[12:15:33] [Server thread/INFO]: ht joined the game
[12:15:49] [Server thread/INFO]: ht lost connection: Disconnected
[12:15:49] [Server thread/INFO]: ht left the game
[12:16:24] [Server thread/INFO]: ht[/[0:0:0:0:0:0:0:1]:51621] logged in with entity id 32160 at (5.5, 74.0, -8.5)
[12:16:24] [Server thread/INFO]: ht joined the game
[12:16:55] [Server thread/INFO]: ht lost connection: Disconnected
[12:16:55] [Server thread/INFO]: ht left the game
[12:16:57] [Server thread/INFO]: ht[/[0:0:0:0:0:0:0:1]:51633] logged in with entity id 32238 at (5.5, 74.0, -8.5)
[12:16:57] [Server thread/INFO]: ht joined the game
[12:17:09] [Server thread/INFO]: ht lost connection: Disconnected
[12:17:09] [Server thread/INFO]: ht left the game
[12:17:48] [Server thread/INFO]: ht[/[0:0:0:0:0:0:0:1]:51639] logged in with entity id 32363 at (5.5, 74.0, -8.5)
[12:17:48] [Server thread/INFO]: ht joined the game
[12:19:07] [Server thread/INFO]: ht lost connection: Disconnected
[12:19:07] [Server thread/INFO]: ht left the game
[12:19:11] [Server thread/INFO]: ht[/[0:0:0:0:0:0:0:1]:51643] logged in with entity id 32663 at (5.5, 74.0, -8.5)
[12:19:11] [Server thread/INFO]: ht joined the game
[12:21:14] [Server thread/INFO]: ht lost connection: Disconnected
[12:21:14] [Server thread/INFO]: ht left the game
[12:21:22] [Server thread/INFO]: ht[/[0:0:0:0:0:0:0:1]:51677] logged in with entity id 32963 at (5.5, 74.0, -8.5)
[12:21:22] [Server thread/INFO]: ht joined the game
[12:21:36] [Server thread/INFO]: ht lost connection: Disconnected
[12:21:36] [Server thread/INFO]: ht left the game
[12:23:50] [Server thread/INFO]: ht[/[0:0:0:0:0:0:0:1]:51741] logged in with entity id 33311 at (5.5, 74.0, -8.5)
[12:23:51] [Server thread/INFO]: ht joined the game
[12:24:03] [Server thread/INFO]: ht lost connection: Disconnected
[12:24:03] [Server thread/INFO]: ht left the game
[12:28:57] [Server thread/INFO]: ht[/[0:0:0:0:0:0:0:1]:51841] logged in with entity id 33990 at (5.5, 74.0, -8.5)
[12:28:57] [Server thread/INFO]: ht joined the game
[12:34:24] [Server thread/INFO]: ht lost connection: Disconnected
[12:34:24] [Server thread/INFO]: ht left the game
[12:34:33] [Server thread/INFO]: ht[/[0:0:0:0:0:0:0:1]:51987] logged in with entity id 34810 at (3.5, 72.0, -2.5)
[12:34:33] [Server thread/INFO]: ht joined the game
[12:36:04] [Server thread/INFO]: ht lost connection: Disconnected
[12:36:04] [Server thread/INFO]: ht left the game
[12:36:20] [Server thread/INFO]: ht[/[0:0:0:0:0:0:0:1]:52045] logged in with entity id 35015 at (3.5, 72.0, -2.5)
[12:36:20] [Server thread/INFO]: ht joined the game
[12:37:04] [Server thread/INFO]: ht lost connection: Disconnected
[12:37:04] [Server thread/INFO]: ht left the game
[12:37:15] [Server thread/INFO]: ht[/[0:0:0:0:0:0:0:1]:52084] logged in with entity id 35112 at (3.5, 72.0, -2.5)
[12:37:15] [Server thread/INFO]: ht joined the game
[12:38:46] [Server thread/INFO]: ht lost connection: Disconnected
[12:38:46] [Server thread/INFO]: ht left the game
[12:39:01] [Server thread/INFO]: ht[/[0:0:0:0:0:0:0:1]:52154] logged in with entity id 35348 at (3.5, 72.0, -2.5)
[12:39:01] [Server thread/INFO]: ht joined the game
[12:39:16] [Server thread/INFO]: ht lost connection: Disconnected
[12:39:16] [Server thread/INFO]: ht left the game
[12:39:28] [Server thread/INFO]: ht[/[0:0:0:0:0:0:0:1]:52172] logged in with entity id 35410 at (3.5, 72.0, -2.5)
[12:39:28] [Server thread/INFO]: ht joined the game
[12:39:35] [Server thread/INFO]: ht lost connection: Disconnected
[12:39:35] [Server thread/INFO]: ht left the game
[12:48:16] [Server thread/INFO]: ht[/[0:0:0:0:0:0:0:1]:52482] logged in with entity id 36872 at (3.5, 72.0, -2.5)
[12:48:16] [Server thread/INFO]: ht joined the game
[12:48:50] [Server thread/INFO]: ht lost connection: Disconnected
[12:48:50] [Server thread/INFO]: ht left the game
[12:49:03] [Server thread/INFO]: ht[/[0:0:0:0:0:0:0:1]:52493] logged in with entity id 36967 at (3.5, 72.0, -2.5)
[12:49:03] [Server thread/INFO]: ht joined the game
