[16:44:28] [ServerMain/INFO]: Environment: authHost='https://authserver.mojang.com', accountsHost='https://api.mojang.com', sessionHost='https://sessionserver.mojang.com', servicesHost='https://api.minecraftservices.com', name='PROD'
[16:44:29] [ServerMain/INFO]: Loaded 7 recipes
[16:44:29] [ServerMain/INFO]: Loaded 1271 advancements
[16:44:30] [Server thread/INFO]: Starting minecraft server version 1.20.1
[16:44:30] [Server thread/INFO]: Loading properties
[16:44:30] [Server thread/INFO]: Default game type: CREATIVE
[16:44:30] [Server thread/INFO]: Generating keypair
[16:44:30] [Server thread/INFO]: Starting Minecraft server on *:25565
[16:44:30] [Server thread/INFO]: Using default channel type
[16:44:30] [Server thread/WARN]: **** SERVER IS RUNNING IN OFFLINE/INSECURE MODE!
[16:44:30] [Server thread/WARN]: The server will make no attempt to authenticate usernames. Beware.
[16:44:30] [Server thread/WARN]: While this makes the game possible to play without internet access, it also opens up the ability for hackers to connect with any username they choose.
[16:44:30] [Server thread/WARN]: To change this, set "online-mode" to "true" in the server.properties file.
[16:44:30] [Server thread/INFO]: Preparing level "world"
[16:44:31] [Server thread/INFO]: Preparing start region for dimension minecraft:overworld
[16:44:32] [Worker-Main-8/INFO]: Preparing spawn area: 0%
[16:44:32] [Worker-Main-8/INFO]: Preparing spawn area: 0%
[16:44:32] [Worker-Main-2/INFO]: Preparing spawn area: 2%
[16:44:33] [Worker-Main-2/INFO]: Preparing spawn area: 7%
[16:44:33] [Worker-Main-5/INFO]: Preparing spawn area: 12%
[16:44:34] [Worker-Main-4/INFO]: Preparing spawn area: 18%
[16:44:34] [Worker-Main-1/INFO]: Preparing spawn area: 24%
[16:44:35] [Worker-Main-3/INFO]: Preparing spawn area: 32%
[16:44:35] [Worker-Main-7/INFO]: Preparing spawn area: 40%
[16:44:36] [Worker-Main-3/INFO]: Preparing spawn area: 47%
[16:44:36] [Worker-Main-1/INFO]: Preparing spawn area: 55%
[16:44:37] [Worker-Main-7/INFO]: Preparing spawn area: 62%
[16:44:37] [Worker-Main-3/INFO]: Preparing spawn area: 71%
[16:44:38] [Worker-Main-3/INFO]: Preparing spawn area: 79%
[16:44:38] [Worker-Main-5/INFO]: Preparing spawn area: 85%
[16:44:39] [Worker-Main-8/INFO]: Preparing spawn area: 93%
[16:44:39] [Server thread/INFO]: Time elapsed: 7768 ms
[16:44:39] [Server thread/INFO]: Done (9.314s)! For help, type "help"
[16:44:40] [Server thread/INFO]: player_0[/[0:0:0:0:0:0:0:1]:65181] logged in with entity id 270 at (-0.5, 70.0, -8.5)
[16:44:40] [Server thread/INFO]: player_0 joined the game
[16:44:41] [Server thread/INFO]: Set spawn point to 692, 300, 147 [0.0] in minecraft:overworld for player_0
[16:44:41] [Server thread/INFO]: player_0 was killed
[16:44:41] [Server thread/INFO]: Killed player_0
[16:44:51] [Server thread/INFO]: player_1[/[0:0:0:0:0:0:0:1]:65186] logged in with entity id 823 at (2.5, 72.0, 3.5)
[16:44:51] [Server thread/INFO]: player_1 joined the game
[16:44:52] [Server thread/INFO]: Set spawn point to -662, 300, -483 [0.0] in minecraft:overworld for player_1
[16:44:52] [Server thread/INFO]: player_1 was killed
[16:44:52] [Server thread/INFO]: Killed player_1
[16:44:57] [Server thread/WARN]: player_1 moved too quickly! 0.0,-18.891994859369333,0.0
[16:45:02] [Server thread/INFO]: player_2[/[0:0:0:0:0:0:0:1]:65196] logged in with entity id 1253 at (8.5, 71.0, 9.5)
[16:45:02] [Server thread/INFO]: player_2 joined the game
[16:45:02] [Server thread/INFO]: Set spawn point to -1117, 300, -668 [0.0] in minecraft:overworld for player_2
[16:45:02] [Server thread/INFO]: player_2 was killed
[16:45:02] [Server thread/INFO]: Killed player_2
[16:45:13] [Server thread/INFO]: player_3[/[0:0:0:0:0:0:0:1]:65219] logged in with entity id 1833 at (4.5, 67.0, -2.5)
[16:45:13] [Server thread/INFO]: player_3 joined the game
[16:45:13] [Server thread/INFO]: Set spawn point to 692, 300, 147 [0.0] in minecraft:overworld for player_3
[16:45:13] [Server thread/INFO]: player_3 was killed
[16:45:13] [Server thread/INFO]: Killed player_3
[16:45:23] [Server thread/INFO]: player_4[/[0:0:0:0:0:0:0:1]:65222] logged in with entity id 2195 at (4.5, 67.0, -2.5)
[16:45:23] [Server thread/INFO]: player_4 joined the game
[16:45:24] [Server thread/INFO]: Set spawn point to 692, 300, 147 [0.0] in minecraft:overworld for player_4
[16:45:24] [Server thread/INFO]: player_4 was killed
[16:45:24] [Server thread/INFO]: Killed player_4
[16:45:24] [Server thread/WARN]: player_4 moved too quickly! 688.0,233.10000000000002,150.0
[16:45:34] [Server thread/INFO]: player_5[/[0:0:0:0:0:0:0:1]:65224] logged in with entity id 2343 at (2.5, 74.0, -5.5)
[16:45:34] [Server thread/INFO]: player_5 joined the game
[16:45:34] [Server thread/INFO]: Set spawn point to -662, 300, -483 [0.0] in minecraft:overworld for player_5
[16:45:34] [Server thread/INFO]: player_5 was killed
[16:45:34] [Server thread/INFO]: Killed player_5
[16:45:45] [Server thread/INFO]: player_6[/[0:0:0:0:0:0:0:1]:65226] logged in with entity id 2509 at (8.5, 67.0, 2.5)
[16:45:45] [Server thread/INFO]: player_6 joined the game
[16:45:45] [Server thread/INFO]: Set spawn point to 1410, 300, 1137 [0.0] in minecraft:overworld for player_6
[16:45:45] [Server thread/INFO]: player_6 was killed
[16:45:45] [Server thread/INFO]: Killed player_6
[16:45:55] [Server thread/INFO]: player_7[/[0:0:0:0:0:0:0:1]:65251] logged in with entity id 2997 at (-8.5, 68.0, 9.5)
[16:45:55] [Server thread/INFO]: player_7 joined the game
[16:45:56] [Server thread/INFO]: Set spawn point to -662, 300, -483 [0.0] in minecraft:overworld for player_7
[16:45:56] [Server thread/INFO]: player_7 was killed
[16:45:56] [Server thread/INFO]: Killed player_7
[16:45:56] [Server thread/WARN]: player_7 moved too quickly! -653.0,232.10000000000002,-492.0
[16:46:06] [Server thread/INFO]: player_8[/[0:0:0:0:0:0:0:1]:65252] logged in with entity id 3223 at (3.5, 72.0, 2.5)
[16:46:06] [Server thread/INFO]: player_8 joined the game
[16:46:06] [Server thread/INFO]: Set spawn point to 4, 300, -793 [0.0] in minecraft:overworld for player_8
[16:46:07] [Server thread/INFO]: player_8 was killed
[16:46:07] [Server thread/INFO]: Killed player_8
[16:46:17] [Server thread/INFO]: player_9[/[0:0:0:0:0:0:0:1]:65258] logged in with entity id 3778 at (-4.5, 71.0, 8.5)
[16:46:17] [Server thread/INFO]: player_9 joined the game
[16:46:17] [Server thread/INFO]: Set spawn point to 376, 300, 1168 [0.0] in minecraft:overworld for player_9
[16:46:17] [Server thread/INFO]: player_9 was killed
[16:46:17] [Server thread/INFO]: Killed player_9
[16:46:28] [Server thread/INFO]: player_10[/[0:0:0:0:0:0:0:1]:65261] logged in with entity id 4471 at (-3.5, 64.0, 4.5)
[16:46:28] [Server thread/INFO]: player_10 joined the game
[16:46:28] [Server thread/INFO]: Set spawn point to 955, 300, -2892 [0.0] in minecraft:overworld for player_10
[16:46:28] [Server thread/INFO]: player_10 was killed
[16:46:28] [Server thread/INFO]: Killed player_10
[16:46:38] [Server thread/INFO]: player_11[/[0:0:0:0:0:0:0:1]:65263] logged in with entity id 4910 at (-1.5, 69.0, 9.5)
[16:46:38] [Server thread/INFO]: player_11 joined the game
[16:46:39] [Server thread/INFO]: Set spawn point to 4, 300, -793 [0.0] in minecraft:overworld for player_11
[16:46:39] [Server thread/INFO]: player_11 was killed
[16:46:39] [Server thread/INFO]: Killed player_11
[16:46:49] [Server thread/INFO]: player_12[/[0:0:0:0:0:0:0:1]:65266] logged in with entity id 5331 at (-1.5, 70.0, 7.5)
[16:46:49] [Server thread/INFO]: player_12 joined the game
[16:46:49] [Server thread/INFO]: Set spawn point to -662, 300, -483 [0.0] in minecraft:overworld for player_12
[16:46:50] [Server thread/INFO]: player_12 was killed
[16:46:50] [Server thread/INFO]: Killed player_12
[16:47:00] [Server thread/INFO]: player_13[/[0:0:0:0:0:0:0:1]:65277] logged in with entity id 5560 at (8.5, 73.0, -3.5)
[16:47:00] [Server thread/INFO]: player_13 joined the game
[16:47:00] [Server thread/INFO]: Set spawn point to 231, 300, -266 [0.0] in minecraft:overworld for player_13
[16:47:00] [Server thread/INFO]: player_13 was killed
[16:47:00] [Server thread/INFO]: Killed player_13
[16:47:10] [Server thread/INFO]: player_14[/[0:0:0:0:0:0:0:1]:65279] logged in with entity id 6120 at (-2.5, 72.0, -8.5)
[16:47:10] [Server thread/INFO]: player_14 joined the game
[16:47:11] [Server thread/INFO]: Set spawn point to 692, 300, 147 [0.0] in minecraft:overworld for player_14
[16:47:11] [Server thread/INFO]: player_14 was killed
[16:47:11] [Server thread/INFO]: Killed player_14
[16:47:21] [Server thread/INFO]: player_15[/[0:0:0:0:0:0:0:1]:65282] logged in with entity id 6439 at (-2.5, 65.0, -0.5)
[16:47:21] [Server thread/INFO]: player_15 joined the game
[16:47:22] [Server thread/INFO]: Set spawn point to 2305, 300, 134 [0.0] in minecraft:overworld for player_15
[16:47:22] [Server thread/INFO]: player_15 was killed
[16:47:22] [Server thread/INFO]: Killed player_15
[16:47:32] [Server thread/INFO]: player_16[/[0:0:0:0:0:0:0:1]:65284] logged in with entity id 6894 at (6.5, 68.0, -2.5)
[16:47:32] [Server thread/INFO]: player_16 joined the game
[16:47:33] [Server thread/INFO]: Set spawn point to -97, 300, -462 [0.0] in minecraft:overworld for player_16
[16:47:33] [Server thread/INFO]: player_16 was killed
[16:47:33] [Server thread/INFO]: Killed player_16
[16:47:43] [Server thread/INFO]: player_17[/[0:0:0:0:0:0:0:1]:65286] logged in with entity id 7390 at (9.5, 67.0, 3.5)
[16:47:43] [Server thread/INFO]: player_17 joined the game
[16:47:43] [Server thread/INFO]: Set spawn point to -662, 300, -483 [0.0] in minecraft:overworld for player_17
[16:47:43] [Server thread/INFO]: player_17 was killed
[16:47:43] [Server thread/INFO]: Killed player_17
[16:47:53] [Server thread/INFO]: player_18[/[0:0:0:0:0:0:0:1]:65291] logged in with entity id 7792 at (-2.5, 71.0, 8.5)
[16:47:53] [Server thread/INFO]: player_18 joined the game
[16:47:54] [Server thread/INFO]: Set spawn point to 364, 300, -1918 [0.0] in minecraft:overworld for player_18
[16:47:54] [Server thread/INFO]: player_18 was killed
[16:47:54] [Server thread/INFO]: Killed player_18
[16:48:04] [Server thread/INFO]: player_19[/[0:0:0:0:0:0:0:1]:65293] logged in with entity id 8165 at (1.5, 71.0, 1.5)
[16:48:04] [Server thread/INFO]: player_19 joined the game
[16:48:05] [Server thread/INFO]: Set spawn point to -904, 300, -746 [0.0] in minecraft:overworld for player_19
[16:48:05] [Server thread/INFO]: player_19 was killed
[16:48:05] [Server thread/INFO]: Killed player_19
[16:48:15] [Server thread/INFO]: player_20[/[0:0:0:0:0:0:0:1]:65300] logged in with entity id 8650 at (2.5, 72.0, 2.5)
[16:48:15] [Server thread/INFO]: player_20 joined the game
[16:48:15] [Server thread/INFO]: Set spawn point to 169, 300, 1164 [0.0] in minecraft:overworld for player_20
[16:48:16] [Server thread/INFO]: player_20 was killed
[16:48:16] [Server thread/INFO]: Killed player_20
[16:48:26] [Server thread/INFO]: player_21[/[0:0:0:0:0:0:0:1]:65305] logged in with entity id 9103 at (5.5, 71.0, 8.5)
[16:48:26] [Server thread/INFO]: player_21 joined the game
[16:48:26] [Server thread/INFO]: Set spawn point to 281, 300, 1556 [0.0] in minecraft:overworld for player_21
[16:48:26] [Server thread/INFO]: player_21 was killed
[16:48:26] [Server thread/INFO]: Killed player_21
[16:48:36] [Server thread/INFO]: player_22[/[0:0:0:0:0:0:0:1]:65306] logged in with entity id 9563 at (10.5, 73.0, -7.5)
[16:48:36] [Server thread/INFO]: player_22 joined the game
[16:48:37] [Server thread/INFO]: Set spawn point to -124, 300, -1343 [0.0] in minecraft:overworld for player_22
[16:48:37] [Server thread/INFO]: player_22 was killed
[16:48:37] [Server thread/INFO]: Killed player_22
[16:48:47] [Server thread/INFO]: player_23[/[0:0:0:0:0:0:0:1]:65308] logged in with entity id 10002 at (-2.5, 72.0, -6.5)
[16:48:47] [Server thread/INFO]: player_23 joined the game
[16:48:48] [Server thread/INFO]: Set spawn point to -1117, 300, -668 [0.0] in minecraft:overworld for player_23
[16:48:48] [Server thread/INFO]: player_23 was killed
[16:48:48] [Server thread/INFO]: Killed player_23
[16:48:50] [Server thread/WARN]: Can't keep up! Is the server overloaded? Running 2034ms or 40 ticks behind
[16:48:58] [Server thread/INFO]: player_24[/[0:0:0:0:0:0:0:1]:65314] logged in with entity id 10360 at (-5.5, 64.0, -2.5)
[16:48:58] [Server thread/INFO]: player_24 joined the game
[16:48:58] [Server thread/INFO]: Set spawn point to 84, 300, -716 [0.0] in minecraft:overworld for player_24
[16:48:58] [Server thread/INFO]: player_24 was killed
[16:48:58] [Server thread/INFO]: Killed player_24
[16:49:08] [Server thread/INFO]: player_25[/[0:0:0:0:0:0:0:1]:65318] logged in with entity id 10769 at (1.5, 66.0, 0.5)
[16:49:08] [Server thread/INFO]: player_25 joined the game
[16:49:09] [Server thread/INFO]: Set spawn point to 329, 300, -1055 [0.0] in minecraft:overworld for player_25
[16:49:09] [Server thread/INFO]: player_25 was killed
[16:49:09] [Server thread/INFO]: Killed player_25
[16:49:10] [Server thread/WARN]: Can't keep up! Is the server overloaded? Running 2077ms or 41 ticks behind
[16:49:19] [Server thread/INFO]: player_26[/[0:0:0:0:0:0:0:1]:65324] logged in with entity id 11151 at (10.5, 73.0, -7.5)
[16:49:19] [Server thread/INFO]: player_26 joined the game
[16:49:20] [Server thread/INFO]: Set spawn point to 1427, 300, -1119 [0.0] in minecraft:overworld for player_26
[16:49:20] [Server thread/INFO]: player_26 was killed
[16:49:20] [Server thread/INFO]: Killed player_26
[16:49:28] [Server thread/WARN]: Can't keep up! Is the server overloaded? Running 3594ms or 71 ticks behind
[16:49:30] [Server thread/INFO]: player_27[/[0:0:0:0:0:0:0:1]:65327] logged in with entity id 11573 at (-8.5, 67.0, 8.5)
[16:49:30] [Server thread/INFO]: player_27 joined the game
[16:49:30] [Server thread/INFO]: Set spawn point to 804, 300, -229 [0.0] in minecraft:overworld for player_27
[16:49:30] [Server thread/INFO]: player_27 was killed
[16:49:30] [Server thread/INFO]: Killed player_27
[16:49:36] [Server thread/WARN]: player_27 moved too quickly! 0.0,-16.446297213733885,0.0
[16:49:36] [Server thread/WARN]: player_27 moved too quickly! 0.0,-13.64651439082553,0.0
[16:49:41] [Server thread/INFO]: player_28[/[0:0:0:0:0:0:0:1]:65329] logged in with entity id 12071 at (-3.5, 69.0, 6.5)
[16:49:41] [Server thread/INFO]: player_28 joined the game
[16:49:41] [Server thread/INFO]: Set spawn point to 1535, 300, -54 [0.0] in minecraft:overworld for player_28
[16:49:41] [Server thread/INFO]: player_28 was killed
[16:49:41] [Server thread/INFO]: Killed player_28
[16:49:47] [Server thread/WARN]: Can't keep up! Is the server overloaded? Running 4033ms or 80 ticks behind
[16:49:51] [Server thread/INFO]: player_29[/[0:0:0:0:0:0:0:1]:65334] logged in with entity id 12549 at (-5.5, 69.0, 4.5)
[16:49:51] [Server thread/INFO]: player_29 joined the game
[16:49:52] [Server thread/INFO]: Set spawn point to -540, 300, -1114 [0.0] in minecraft:overworld for player_29
[16:49:52] [Server thread/INFO]: player_29 was killed
[16:49:52] [Server thread/INFO]: Killed player_29
